2016-06-02T08:00:16.683Z - normal: Load ~/.CocosCreator/settings.json
2016-06-02T08:00:16.689Z - normal: checking language setting...
2016-06-02T08:00:16.689Z - normal: Language: zh
2016-06-02T08:00:16.742Z - success: protocol editor-framework registerred
2016-06-02T08:00:16.742Z - success: protocol app registerred
2016-06-02T08:00:16.742Z - success: protocol packages registerred
2016-06-02T08:00:16.742Z - success: protocol unpack registerred
2016-06-02T08:00:16.746Z - normal: failed to connect login server... skipping login
2016-06-02T08:00:16.747Z - normal: Check project E:\Titanium-pain
2016-06-02T08:00:16.750Z - normal: Initializing Cocos Creator Editor
2016-06-02T08:00:17.794Z - normal: Initializing Cocos2d
2016-06-02T08:00:18.058Z - normal: Initializing Asset Database
2016-06-02T08:00:18.143Z - success: protocol uuid registerred
2016-06-02T08:00:18.143Z - success: protocol uuid registerred
2016-06-02T08:00:18.143Z - success: protocol thumbnail registerred
2016-06-02T08:00:18.144Z - normal: Loading editor/builtin packages
2016-06-02T08:00:18.474Z - success: assets loaded
2016-06-02T08:00:18.477Z - success: builder loaded
2016-06-02T08:00:18.483Z - success: hierarchy loaded
2016-06-02T08:00:18.487Z - success: inspector loaded
2016-06-02T08:00:18.489Z - success: keystore loaded
2016-06-02T08:00:18.496Z - success: node-library loaded
2016-06-02T08:00:18.500Z - success: preferences loaded
2016-06-02T08:00:18.527Z - success: project-importer loaded
2016-06-02T08:00:18.532Z - success: project-settings loaded
2016-06-02T08:00:18.534Z - success: ui-kit loaded
2016-06-02T08:00:18.550Z - success: ui-grid loaded
2016-06-02T08:00:18.556Z - success: scene loaded
2016-06-02T08:00:18.558Z - success: sprite-editor loaded
2016-06-02T08:00:18.570Z - success: timeline loaded
2016-06-02T08:00:18.610Z - success: ui-kit-extra loaded
2016-06-02T08:00:18.610Z - normal: Loading builtin packages
2016-06-02T08:00:18.623Z - success: asset-db-debugger loaded
2016-06-02T08:00:18.625Z - success: code-editor loaded
2016-06-02T08:00:18.626Z - success: color-picker loaded
2016-06-02T08:00:18.632Z - success: console loaded
2016-06-02T08:00:18.635Z - success: package-manager loaded
2016-06-02T08:00:18.643Z - success: tester loaded
2016-06-02T08:00:18.645Z - success: ui-tree loaded
2016-06-02T08:00:18.706Z - normal: Initializing project E:\Titanium-pain
2016-06-02T08:00:18.732Z - normal: Loading packages
2016-06-02T08:00:18.736Z - normal: Run Application
2016-06-02T08:00:21.735Z - success: preview server running at http://localhost:7456
2016-06-02T08:00:24.408Z - normal: Cannot connect to internet, please login when connection is back...
2016-06-02T08:00:28.503Z - normal: 1.1.0
